TN:
SF:C:\Users\John\dev\branches_front_end\app\forgettingCurve.ts
FN:8,calculateStrength
FN:19,calculateSecondsTilCriticalReviewTime
FN:24,measurePreviousStrength
FN:63,doubleLessThanOrEqualTo
FN:66,doubleGreaterThanOrEqualTo
FN:71,calculateRecall
FN:75,decibelsToEbbinghaus
FN:79,calculateTime
FN:84,estimateCurrentStrength
FNF:9
FNH:0
FNDA:0,calculateStrength
FNDA:0,calculateSecondsTilCriticalReviewTime
FNDA:0,measurePreviousStrength
FNDA:0,doubleLessThanOrEqualTo
FNDA:0,doubleGreaterThanOrEqualTo
FNDA:0,calculateRecall
FNDA:0,decibelsToEbbinghaus
FNDA:0,calculateTime
FNDA:0,estimateCurrentStrength
DA:1,1
DA:2,1
DA:3,1
DA:4,1
DA:9,0
DA:10,0
DA:11,0
DA:12,0
DA:13,0
DA:15,1
DA:20,0
DA:22,1
DA:25,0
DA:26,0
DA:27,0
DA:28,0
DA:29,0
DA:39,0
DA:40,0
DA:49,0
DA:50,0
DA:52,0
DA:62,1
DA:64,0
DA:67,0
DA:72,0
DA:74,1
DA:76,0
DA:80,0
DA:82,1
DA:86,0
DA:87,0
DA:88,0
DA:89,0
DA:90,0
DA:93,0
DA:97,0
DA:98,0
DA:99,0
DA:100,0
DA:101,0
DA:102,0
DA:104,0
DA:105,0
DA:107,1
LF:45
LH:10
BRDA:13,0,0,0
BRDA:13,0,1,0
BRDA:29,1,0,0
BRDA:29,1,1,0
BRDA:39,2,0,0
BRDA:39,2,1,0
BRDA:39,3,0,0
BRDA:39,3,1,0
BRDA:49,4,0,0
BRDA:49,4,1,0
BRDA:49,5,0,0
BRDA:49,5,1,0
BRDA:87,6,0,0
BRDA:87,6,1,0
BRDA:89,7,0,0
BRDA:89,7,1,0
BRDA:104,8,0,0
BRDA:104,8,1,0
BRF:18
BRH:0
end_of_record
TN:
SF:C:\Users\John\dev\branches_front_end\app\components\proficiencyEnum.ts
FN:26,proficiencyToColor
FNF:1
FNH:0
FNDA:0,proficiencyToColor
DA:1,1
DA:7,1
DA:19,1
DA:27,0
DA:28,0
DA:30,0
DA:31,0
DA:33,0
DA:34,0
DA:36,0
DA:37,0
DA:39,0
DA:41,1
LF:13
LH:4
BRDA:27,0,0,0
BRDA:27,0,1,0
BRDA:30,1,0,0
BRDA:30,1,1,0
BRDA:33,2,0,0
BRDA:33,2,1,0
BRDA:36,3,0,0
BRDA:36,3,1,0
BRF:8
BRH:0
end_of_record
TN:
SF:C:\Users\John\dev\branches_front_end\app\core\log.js
FN:2,log
FN:6,error
FNF:2
FNH:1
FNDA:2,log
FNDA:0,error
DA:1,1
DA:3,2
DA:5,1
DA:7,0
DA:9,1
LF:5
LH:4
BRF:0
BRH:0
end_of_record
TN:
SF:C:\Users\John\dev\branches_front_end\app\core\md5wrapper.js
FN:3,default_1
FNF:1
FNH:1
FNDA:1,default_1
DA:1,1
DA:2,1
DA:4,1
DA:6,1
LF:4
LH:4
BRF:0
BRH:0
end_of_record
TN:
SF:C:\Users\John\dev\branches_front_end\app\objects\tree\proficiencyStats.ts
FN:1,(anonymous_0)
FN:19,addObjToProficiencyStats
FN:21,(anonymous_2)
FN:27,incrementProficiencyStatsCategory
FNF:4
FNH:0
FNDA:0,(anonymous_0)
FNDA:0,addObjToProficiencyStats
FNDA:0,(anonymous_2)
FNDA:0,incrementProficiencyStatsCategory
DA:1,1
DA:2,0
DA:3,0
DA:4,0
DA:5,0
DA:7,0
DA:9,1
DA:11,1
DA:12,1
DA:20,0
DA:21,0
DA:22,0
DA:24,0
DA:26,1
DA:28,0
DA:29,0
DA:31,0
DA:32,0
DA:34,0
DA:35,0
DA:37,0
DA:38,0
DA:40,0
DA:41,0
DA:43,0
DA:45,1
LF:26
LH:6
BRDA:1,0,0,1
BRDA:1,0,1,1
BRDA:1,0,2,1
BRDA:1,0,3,0
BRDA:4,1,0,0
BRDA:4,1,1,0
BRDA:22,2,0,0
BRDA:22,2,1,0
BRDA:22,3,0,0
BRDA:22,3,1,0
BRDA:28,4,0,0
BRDA:28,4,1,0
BRDA:31,5,0,0
BRDA:31,5,1,0
BRDA:34,6,0,0
BRDA:34,6,1,0
BRDA:37,7,0,0
BRDA:37,7,1,0
BRDA:40,8,0,0
BRDA:40,8,1,0
BRF:20
BRH:3
end_of_record
