TN:
SF:C:\Users\John\dev\branches_front_end\app\forgettingCurve.ts
FN:8,calculateStrength
FN:19,calculateSecondsTilCriticalReviewTime
FN:24,measurePreviousStrength
FN:63,doubleLessThanOrEqualTo
FN:66,doubleGreaterThanOrEqualTo
FN:71,calculateRecall
FN:75,decibelsToEbbinghaus
FN:79,calculateTime
FN:84,estimateCurrentStrength
FNF:9
FNH:7
FNDA:0,calculateStrength
FNDA:0,calculateSecondsTilCriticalReviewTime
FNDA:6,measurePreviousStrength
FNDA:6,doubleLessThanOrEqualTo
FNDA:6,doubleGreaterThanOrEqualTo
FNDA:5,calculateRecall
FNDA:6,decibelsToEbbinghaus
FNDA:1,calculateTime
FNDA:5,estimateCurrentStrength
DA:1,1
DA:2,1
DA:3,1
DA:4,1
DA:9,0
DA:10,0
DA:11,0
DA:12,0
DA:13,0
DA:15,1
DA:20,0
DA:22,1
DA:25,6
DA:26,6
DA:27,6
DA:28,6
DA:29,6
DA:39,6
DA:40,2
DA:49,6
DA:50,2
DA:52,6
DA:62,1
DA:64,6
DA:67,6
DA:72,5
DA:74,1
DA:76,6
DA:80,1
DA:82,1
DA:86,5
DA:87,5
DA:88,0
DA:89,0
DA:90,0
DA:93,0
DA:97,5
DA:98,5
DA:99,5
DA:100,5
DA:101,5
DA:102,5
DA:104,5
DA:105,5
DA:107,1
LF:45
LH:35
BRDA:13,0,0,0
BRDA:13,0,1,0
BRDA:29,1,0,6
BRDA:29,1,1,0
BRDA:39,2,0,2
BRDA:39,2,1,4
BRDA:39,3,0,6
BRDA:39,3,1,2
BRDA:49,4,0,2
BRDA:49,4,1,4
BRDA:49,5,0,6
BRDA:49,5,1,2
BRDA:87,6,0,0
BRDA:87,6,1,5
BRDA:89,7,0,0
BRDA:89,7,1,0
BRDA:104,8,0,0
BRDA:104,8,1,5
BRF:18
BRH:11
end_of_record
TN:
SF:C:\Users\John\dev\branches_front_end\app\components\proficiencyEnum.ts
FN:26,proficiencyToColor
FNF:1
FNH:0
FNDA:0,proficiencyToColor
DA:1,1
DA:7,1
DA:19,1
DA:27,0
DA:28,0
DA:30,0
DA:31,0
DA:33,0
DA:34,0
DA:36,0
DA:37,0
DA:39,0
DA:41,1
LF:13
LH:4
BRDA:27,0,0,0
BRDA:27,0,1,0
BRDA:30,1,0,0
BRDA:30,1,1,0
BRDA:33,2,0,0
BRDA:33,2,1,0
BRDA:36,3,0,0
BRDA:36,3,1,0
BRF:8
BRH:0
end_of_record
TN:
SF:C:\Users\John\dev\branches_front_end\app\objects\contentItem\uriParser.ts
FN:2,getLastNBreadcrumbsString
FN:8,getURIWithoutRootElement
FN:12,convertBreadcrumbListToString
FN:17,(anonymous_3)
FN:30,getLastNBreadcrumbsStringFromList
FNF:5
FNH:2
FNDA:0,getLastNBreadcrumbsString
FNDA:0,getURIWithoutRootElement
FNDA:10,convertBreadcrumbListToString
FNDA:0,(anonymous_3)
FNDA:7,getLastNBreadcrumbsStringFromList
DA:1,1
DA:3,0
DA:4,0
DA:5,0
DA:7,1
DA:9,0
DA:11,1
DA:13,10
DA:14,10
DA:16,0
DA:17,0
DA:18,0
DA:20,0
DA:21,0
DA:23,1
DA:31,7
DA:32,7
DA:34,0
DA:35,0
DA:36,0
DA:37,0
DA:39,1
LF:22
LH:9
BRDA:13,0,0,10
BRDA:13,0,1,0
BRDA:31,1,0,7
BRDA:31,1,1,0
BRF:4
BRH:2
end_of_record
TN:
SF:C:\Users\John\dev\branches_front_end\app\objects\point\PointMutationTypes.ts
FN:1,(anonymous_0)
FNF:1
FNH:1
FNDA:1,(anonymous_0)
DA:1,1
DA:2,1
LF:2
LH:2
BRDA:1,0,0,1
BRDA:1,0,1,1
BRF:2
BRH:2
end_of_record
TN:
SF:C:\Users\John\dev\branches_front_end\app\objects\point\point.ts
FN:21,(anonymous_2)
FN:31,Point
FN:40,(anonymous_4)
FN:44,(anonymous_5)
FN:50,(anonymous_6)
FN:56,(anonymous_7)
FN:68,(anonymous_8)
FN:79,(anonymous_9)
FN:90,(anonymous_10)
FN:106,(anonymous_11)
FN:122,(anonymous_12)
FN:141,(anonymous_13)
FN:142,(anonymous_14)
FN:145,(anonymous_15)
FN:146,(anonymous_16)
FNF:15
FNH:15
FNDA:1,(anonymous_2)
FNDA:1,Point
FNDA:18,(anonymous_4)
FNDA:7,(anonymous_5)
FNDA:3,(anonymous_6)
FNDA:5,(anonymous_7)
FNDA:7,(anonymous_8)
FNDA:3,(anonymous_9)
FNDA:2,(anonymous_10)
FNDA:4,(anonymous_11)
FNDA:5,(anonymous_12)
FNDA:1,(anonymous_13)
FNDA:1,(anonymous_14)
FNDA:3,(anonymous_15)
FNDA:8,(anonymous_16)
DA:2,1
DA:9,1
DA:21,1
DA:22,1
DA:23,1
DA:31,2
DA:32,1
DA:33,1
DA:38,1
DA:40,1
DA:41,18
DA:44,1
DA:45,7
DA:46,7
DA:47,7
DA:50,1
DA:51,3
DA:52,3
DA:53,3
DA:56,1
DA:57,5
DA:58,5
DA:62,5
DA:68,1
DA:69,7
DA:71,7
DA:72,7
DA:74,0
DA:79,1
DA:80,3
DA:82,3
DA:83,3
DA:85,0
DA:90,1
DA:91,2
DA:106,1
DA:107,4
DA:109,4
DA:110,1
DA:111,1
DA:117,3
DA:118,3
DA:119,3
DA:122,1
DA:124,5
DA:125,5
DA:126,3
DA:127,3
DA:132,2
DA:134,2
DA:138,2
DA:141,1
DA:142,1
DA:145,1
DA:146,8
DA:148,1
DA:150,1
LF:57
LH:55
BRDA:31,0,0,1
BRDA:31,0,1,0
BRDA:70,1,0,7
BRDA:70,1,1,0
BRDA:81,2,0,3
BRDA:81,2,1,0
BRDA:109,3,0,1
BRDA:109,3,1,3
BRDA:109,4,0,4
BRDA:109,4,1,4
BRDA:125,5,0,3
BRDA:125,5,1,2
BRF:12
BRH:9
end_of_record
TN:
SF:C:\Users\John\dev\branches_front_end\app\objects\tree\IdMutationTypes.ts
FN:1,(anonymous_0)
FNF:1
FNH:1
FNDA:1,(anonymous_0)
DA:1,1
DA:2,1
LF:2
LH:2
BRDA:1,0,0,1
BRDA:1,0,1,1
BRF:2
BRH:2
end_of_record
TN:
SF:C:\Users\John\dev\branches_front_end\app\objects\tree\MutableId.ts
FN:3,(anonymous_0)
FN:4,MutableId
FN:9,(anonymous_2)
FN:12,(anonymous_3)
FN:15,(anonymous_4)
FN:26,(anonymous_5)
FNF:6
FNH:6
FNDA:1,(anonymous_0)
FNDA:1,MutableId
FNDA:2,(anonymous_2)
FNDA:1,(anonymous_3)
FNDA:1,(anonymous_4)
FNDA:2,(anonymous_5)
DA:1,1
DA:2,1
DA:3,1
DA:5,1
DA:6,1
DA:7,1
DA:9,1
DA:10,2
DA:12,1
DA:13,1
DA:15,1
DA:16,1
DA:18,1
DA:19,1
DA:21,0
DA:24,1
DA:26,1
DA:27,2
DA:29,1
DA:31,1
LF:20
LH:19
BRDA:5,0,0,1
BRDA:5,0,1,0
BRDA:17,1,0,1
BRDA:17,1,1,0
BRF:4
BRH:2
end_of_record
TN:
SF:C:\Users\John\dev\branches_front_end\app\objects\tree\MutableTreeChildren.ts
FN:8,(anonymous_0)
FN:9,MutableTreeChildren
FN:14,(anonymous_2)
FN:17,(anonymous_3)
FN:23,(anonymous_4)
FN:29,(anonymous_5)
FN:32,(anonymous_6)
FN:46,(anonymous_7)
FNF:8
FNH:7
FNDA:1,(anonymous_0)
FNDA:1,MutableTreeChildren
FNDA:12,(anonymous_2)
FNDA:6,(anonymous_3)
FNDA:4,(anonymous_4)
FNDA:0,(anonymous_5)
FNDA:10,(anonymous_6)
FNDA:9,(anonymous_7)
DA:1,1
DA:2,1
DA:8,1
DA:10,1
DA:11,1
DA:12,1
DA:14,1
DA:15,12
DA:17,1
DA:18,6
DA:19,1
DA:21,5
DA:23,1
DA:24,4
DA:25,2
DA:27,2
DA:29,1
DA:30,0
DA:32,1
DA:33,10
DA:35,6
DA:36,5
DA:38,4
DA:39,2
DA:41,0
DA:44,7
DA:46,1
DA:47,9
DA:49,1
DA:51,1
LF:30
LH:28
BRDA:10,0,0,1
BRDA:10,0,1,0
BRDA:18,1,0,1
BRDA:18,1,1,5
BRDA:24,2,0,2
BRDA:24,2,1,2
BRDA:34,3,0,6
BRDA:34,3,1,4
BRDA:34,3,2,0
BRF:9
BRH:7
end_of_record
TN:
SF:C:\Users\John\dev\branches_front_end\app\objects\tree\TreeMutationTypes.ts
FN:1,(anonymous_0)
FNF:1
FNH:1
FNDA:1,(anonymous_0)
DA:1,1
DA:2,1
DA:3,1
LF:3
LH:3
BRDA:1,0,0,1
BRDA:1,0,1,1
BRF:2
BRH:2
end_of_record
TN:
SF:C:\Users\John\dev\branches_front_end\app\objects\tree\TreeParentMutationTypes.ts
FN:1,(anonymous_0)
FNF:1
FNH:1
FNDA:1,(anonymous_0)
DA:1,1
DA:2,1
LF:2
LH:2
BRDA:1,0,0,1
BRDA:1,0,1,1
BRF:2
BRH:2
end_of_record
TN:
SF:C:\Users\John\dev\branches_front_end\app\objects\tree\proficiencyStats.ts
FN:1,(anonymous_0)
FN:25,addObjToProficiencyStats
FN:27,(anonymous_2)
FN:33,incrementProficiencyStatsCategory
FNF:4
FNH:2
FNDA:0,(anonymous_0)
FNDA:3,addObjToProficiencyStats
FNDA:11,(anonymous_2)
FNDA:0,incrementProficiencyStatsCategory
DA:1,1
DA:2,0
DA:3,0
DA:4,0
DA:5,0
DA:7,0
DA:9,1
DA:17,1
DA:18,1
DA:26,3
DA:27,3
DA:28,11
DA:30,3
DA:32,1
DA:34,0
DA:35,0
DA:37,0
DA:38,0
DA:40,0
DA:41,0
DA:43,0
DA:44,0
DA:46,0
DA:47,0
DA:49,0
DA:51,1
LF:26
LH:10
BRDA:1,0,0,1
BRDA:1,0,1,1
BRDA:1,0,2,1
BRDA:1,0,3,0
BRDA:4,1,0,0
BRDA:4,1,1,0
BRDA:28,2,0,11
BRDA:28,2,1,1
BRDA:28,3,0,11
BRDA:28,3,1,1
BRDA:34,4,0,0
BRDA:34,4,1,0
BRDA:37,5,0,0
BRDA:37,5,1,0
BRDA:40,6,0,0
BRDA:40,6,1,0
BRDA:43,7,0,0
BRDA:43,7,1,0
BRDA:46,8,0,0
BRDA:46,8,1,0
BRF:20
BRH:7
end_of_record
